#
# There is insufficient memory for the Java Runtime Environment to continue.
# Native memory allocation (malloc) failed to allocate 1851696 bytes for Chunk::new
# Possible reasons:
#   The system is out of physical RAM or swap space
#   The process is running with CompressedOops enabled, and the Java Heap may be blocking the growth of the native heap
# Possible solutions:
#   Reduce memory load on the system
#   Increase physical memory or swap space
#   Check if swap backing store is full
#   Decrease Java heap size (-Xmx/-Xms)
#   Decrease number of Java threads
#   Decrease Java thread stack sizes (-Xss)
#   Set larger code cache with -XX:ReservedCodeCacheSize=
#   JVM is running with Unscaled Compressed Oops mode in which the Java heap is
#     placed in the first 4GB address space. The Java Heap base address is the
#     maximum limit for the native heap growth. Please use -XX:HeapBaseMinAddress
#     to set the Java Heap base and to place the Java Heap above 4GB virtual address.
# This output file may be truncated or incomplete.
#
#  Out of Memory Error (./src/hotspot/share/memory/arena.cpp:197), pid=15980, tid=13780
#
# JRE version: OpenJDK Runtime Environment 18.9 (11.0.9.1+1) (build 11.0.9.1+1-LTS)
# Java VM: OpenJDK 64-Bit Server VM 18.9 (11.0.9.1+1-LTS, mixed mode, tiered, compressed oops, g1 gc, windows-amd64)
# No core dump will be written. Minidumps are not enabled by default on client versions of Windows
#

---------------  S U M M A R Y ------------

Command Line: com.df.dolphinpos.App

Host: Intel(R) Core(TM) i3-5005U CPU @ 2.00GHz, 4 cores, 7G,  Windows 10 , 64 bit Build 18362 (10.0.18362.1110)
Time: Mon Apr 26 22:08:28 2021 SE Asia Standard Time elapsed time: 1314.879557 seconds (0d 0h 21m 54s)

---------------  T H R E A D  ---------------

Current thread (0x000002a8a4aac800):  JavaThread "C2 CompilerThread0" daemon [_thread_in_native, id=13780, stack(0x000000d7aa300000,0x000000d7aa400000)]


Current CompileTask:
C2:1314879 14173       4       org.springframework.web.servlet.mvc.method.RequestMappingInfoHandlerMapping::getMatchingMapping (10 bytes)

Stack: [0x000000d7aa300000,0x000000d7aa400000]
Native frames: (J=compiled Java code, j=interpreted, Vv=VM code, C=native code)
V  [jvm.dll+0x5f463a]
V  [jvm.dll+0x77c76e]
V  [jvm.dll+0x77de3f]
V  [jvm.dll+0x77e503]
V  [jvm.dll+0x2477c8]
V  [jvm.dll+0xbe2ec]
V  [jvm.dll+0xbe9ec]
V  [jvm.dll+0x34d0f2]
V  [jvm.dll+0x31ae43]
V  [jvm.dll+0x31a17a]
V  [jvm.dll+0x201085]
V  [jvm.dll+0x20023f]
V  [jvm.dll+0x184fbc]
V  [jvm.dll+0x20f7f7]
V  [jvm.dll+0x20d9db]
V  [jvm.dll+0x741009]
V  [jvm.dll+0x73a0b4]
V  [jvm.dll+0x5f3566]
C  [ucrtbase.dll+0x210b2]
C  [KERNEL32.DLL+0x17c24]
C  [ntdll.dll+0x6d4d1]


---------------  P R O C E S S  ---------------

Threads class SMR info:
_java_thread_list=0x000002a8aeeb34a0, length=31, elements={
0x000002a8a4a9a000, 0x000002a8a4a9b000, 0x000002a8a4aaa000, 0x000002a8a4aac000,
0x000002a8a4aac800, 0x000002a8a5404000, 0x000002a8a540e000, 0x000002a8a55a2000,
0x000002a8a55a7800, 0x000002a8a9960800, 0x000002a8a7a86800, 0x000002a8a7a83800,
0x000002a8a6cab000, 0x000002a8aa068800, 0x000002a8a8258000, 0x000002a8a9e3e000,
0x000002a8a9e3b800, 0x000002a8a9e38800, 0x000002a8a9e3c800, 0x000002a8a9e39000,
0x000002a8a9e3f000, 0x000002a8a9e3a000, 0x000002a8a96f6000, 0x000002a8a96f4800,
0x000002a8a96f0800, 0x000002a8a96f3800, 0x000002a8a96f2000, 0x000002a8a96f7000,
0x000002a8a96f1000, 0x000002a8a96f3000, 0x000002a8a96f7800
}

Java Threads: ( => current thread )
  0x000002a8a4a9a000 JavaThread "Reference Handler" daemon [_thread_blocked, id=15876, stack(0x000000d7a9f00000,0x000000d7aa000000)]
  0x000002a8a4a9b000 JavaThread "Finalizer" daemon [_thread_blocked, id=14952, stack(0x000000d7aa000000,0x000000d7aa100000)]
  0x000002a8a4aaa000 JavaThread "Signal Dispatcher" daemon [_thread_blocked, id=12148, stack(0x000000d7aa100000,0x000000d7aa200000)]
  0x000002a8a4aac000 JavaThread "Attach Listener" daemon [_thread_blocked, id=4492, stack(0x000000d7aa200000,0x000000d7aa300000)]
=>0x000002a8a4aac800 JavaThread "C2 CompilerThread0" daemon [_thread_in_native, id=13780, stack(0x000000d7aa300000,0x000000d7aa400000)]
  0x000002a8a5404000 JavaThread "C1 CompilerThread0" daemon [_thread_blocked, id=14472, stack(0x000000d7aa400000,0x000000d7aa500000)]
  0x000002a8a540e000 JavaThread "Sweeper thread" daemon [_thread_blocked, id=9128, stack(0x000000d7aa500000,0x000000d7aa600000)]
  0x000002a8a55a2000 JavaThread "Service Thread" daemon [_thread_blocked, id=3328, stack(0x000000d7aa600000,0x000000d7aa700000)]
  0x000002a8a55a7800 JavaThread "Common-Cleaner" daemon [_thread_blocked, id=16944, stack(0x000000d7aa800000,0x000000d7aa900000)]
  0x000002a8a9960800 JavaThread "Catalina-utility-1" [_thread_blocked, id=17280, stack(0x000000d7aad00000,0x000000d7aae00000)]
  0x000002a8a7a86800 JavaThread "Catalina-utility-2" [_thread_blocked, id=12324, stack(0x000000d7ab000000,0x000000d7ab100000)]
  0x000002a8a7a83800 JavaThread "container-0" [_thread_blocked, id=6092, stack(0x000000d7ab100000,0x000000d7ab200000)]
  0x000002a8a6cab000 JavaThread "mysql-cj-abandoned-connection-cleanup" daemon [_thread_blocked, id=12624, stack(0x000000d7ab300000,0x000000d7ab400000)]
  0x000002a8aa068800 JavaThread "PostgreSQL-JDBC-SharedTimer-1" daemon [_thread_blocked, id=4640, stack(0x000000d7ab500000,0x000000d7ab600000)]
  0x000002a8a8258000 JavaThread "HikariPool-1 housekeeper" daemon [_thread_blocked, id=3692, stack(0x000000d7ab600000,0x000000d7ab700000)]
  0x000002a8a9e3e000 JavaThread "Live Reload Server" daemon [_thread_in_native, id=12420, stack(0x000000d7aba00000,0x000000d7abb00000)]
  0x000002a8a9e3b800 JavaThread "File Watcher" daemon [_thread_blocked, id=12300, stack(0x000000d7ab900000,0x000000d7aba00000)]
  0x000002a8a9e38800 JavaThread "http-nio-555-BlockPoller" daemon [_thread_in_native, id=16788, stack(0x000000d7abb00000,0x000000d7abc00000)]
  0x000002a8a9e3c800 JavaThread "http-nio-555-exec-1" daemon [_thread_blocked, id=13408, stack(0x000000d7abc00000,0x000000d7abd00000)]
  0x000002a8a9e39000 JavaThread "http-nio-555-exec-2" daemon [_thread_blocked, id=11568, stack(0x000000d7abd00000,0x000000d7abe00000)]
  0x000002a8a9e3f000 JavaThread "http-nio-555-exec-3" daemon [_thread_blocked, id=14828, stack(0x000000d7abe00000,0x000000d7abf00000)]
  0x000002a8a9e3a000 JavaThread "http-nio-555-exec-4" daemon [_thread_blocked, id=11540, stack(0x000000d7abf00000,0x000000d7ac000000)]
  0x000002a8a96f6000 JavaThread "http-nio-555-exec-5" daemon [_thread_blocked, id=1504, stack(0x000000d7ac000000,0x000000d7ac100000)]
  0x000002a8a96f4800 JavaThread "http-nio-555-exec-6" daemon [_thread_blocked, id=4324, stack(0x000000d7ac100000,0x000000d7ac200000)]
  0x000002a8a96f0800 JavaThread "http-nio-555-exec-7" daemon [_thread_blocked, id=12668, stack(0x000000d7ac200000,0x000000d7ac300000)]
  0x000002a8a96f3800 JavaThread "http-nio-555-exec-8" daemon [_thread_blocked, id=16808, stack(0x000000d7ac300000,0x000000d7ac400000)]
  0x000002a8a96f2000 JavaThread "http-nio-555-exec-9" daemon [_thread_blocked, id=16784, stack(0x000000d7ac400000,0x000000d7ac500000)]
  0x000002a8a96f7000 JavaThread "http-nio-555-exec-10" daemon [_thread_blocked, id=4904, stack(0x000000d7ac500000,0x000000d7ac600000)]
  0x000002a8a96f1000 JavaThread "http-nio-555-ClientPoller" daemon [_thread_in_native, id=12852, stack(0x000000d7ac600000,0x000000d7ac700000)]
  0x000002a8a96f3000 JavaThread "http-nio-555-Acceptor" daemon [_thread_in_native, id=13412, stack(0x000000d7ac700000,0x000000d7ac800000)]
  0x000002a8a96f7800 JavaThread "DestroyJavaVM" [_thread_blocked, id=3052, stack(0x000000d7a9800000,0x000000d7a9900000)]

Other Threads:
  0x000002a8a4a65000 VMThread "VM Thread" [stack: 0x000000d7a9e00000,0x000000d7a9f00000] [id=10964]
  0x000002a8a55a3000 WatcherThread [stack: 0x000000d7aa700000,0x000000d7aa800000] [id=14672]
  0x000002a88682c000 GCTaskThread "GC Thread#0" [stack: 0x000000d7a9900000,0x000000d7a9a00000] [id=15176]
  0x000002a8a5c7f800 GCTaskThread "GC Thread#1" [stack: 0x000000d7aa900000,0x000000d7aaa00000] [id=7328]
  0x000002a8a6873800 GCTaskThread "GC Thread#2" [stack: 0x000000d7aae00000,0x000000d7aaf00000] [id=17020]
  0x000002a8a6a6b800 GCTaskThread "GC Thread#3" [stack: 0x000000d7aaf00000,0x000000d7ab000000] [id=12352]
  0x000002a88685b000 ConcurrentGCThread "G1 Main Marker" [stack: 0x000000d7a9a00000,0x000000d7a9b00000] [id=13792]
  0x000002a88685d800 ConcurrentGCThread "G1 Conc#0" [stack: 0x000000d7a9b00000,0x000000d7a9c00000] [id=12516]
  0x000002a8868cd800 ConcurrentGCThread "G1 Refine#0" [stack: 0x000000d7a9c00000,0x000000d7a9d00000] [id=9036]
  0x000002a8a48d0800 ConcurrentGCThread "G1 Young RemSet Sampling" [stack: 0x000000d7a9d00000,0x000000d7a9e00000] [id=16304]

Threads with active compile tasks:
C2 CompilerThread01314934 14173       4       org.springframework.web.servlet.mvc.method.RequestMappingInfoHandlerMapping::getMatchingMapping (10 bytes)

VM state:not at safepoint (normal execution)

VM Mutex/Monitor currently owned by a thread: None

Heap address: 0x0000000089000000, size: 1904 MB, Compressed Oops mode: 32-bit
Narrow klass base: 0x0000000000000000, Narrow klass shift: 3
Compressed class space size: 1073741824 Address: 0x0000000100000000

Heap:
 garbage-first heap   total 212992K, used 127333K [0x0000000089000000, 0x0000000100000000)
  region size 1024K, 87 young (89088K), 1 survivors (1024K)
 Metaspace       used 80895K, capacity 83083K, committed 83276K, reserved 1122304K
  class space    used 9662K, capacity 10495K, committed 10572K, reserved 1048576K
Heap Regions: E=young(eden), S=young(survivor), O=old, HS=humongous(starts), HC=humongous(continues), CS=collection set, F=free, A=archive, TAMS=top-at-mark-start (previous, next)
|   0|0x0000000089000000, 0x0000000089100000, 0x0000000089100000|100%|HS|  |TAMS 0x0000000089100000, 0x0000000089000000| Complete 
|   1|0x0000000089100000, 0x0000000089200000, 0x0000000089200000|100%| O|  |TAMS 0x0000000089200000, 0x0000000089100000| Untracked 
|   2|0x0000000089200000, 0x0000000089300000, 0x0000000089300000|100%| O|  |TAMS 0x0000000089300000, 0x0000000089200000| Untracked 
|   3|0x0000000089300000, 0x0000000089400000, 0x0000000089400000|100%| O|  |TAMS 0x0000000089400000, 0x0000000089300000| Untracked 
|   4|0x0000000089400000, 0x0000000089500000, 0x0000000089500000|100%| O|  |TAMS 0x0000000089500000, 0x0000000089400000| Untracked 
|   5|0x0000000089500000, 0x0000000089600000, 0x0000000089600000|100%| O|  |TAMS 0x0000000089600000, 0x0000000089500000| Untracked 
|   6|0x0000000089600000, 0x0000000089700000, 0x0000000089700000|100%| O|  |TAMS 0x0000000089700000, 0x0000000089600000| Untracked 
|   7|0x0000000089700000, 0x0000000089800000, 0x0000000089800000|100%| O|  |TAMS 0x0000000089800000, 0x0000000089700000| Untracked 
|   8|0x0000000089800000, 0x0000000089900000, 0x0000000089900000|100%| O|  |TAMS 0x0000000089900000, 0x0000000089800000| Untracked 
|   9|0x0000000089900000, 0x0000000089a00000, 0x0000000089a00000|100%| O|  |TAMS 0x0000000089a00000, 0x0000000089900000| Untracked 
|  10|0x0000000089a00000, 0x0000000089b00000, 0x0000000089b00000|100%| O|  |TAMS 0x0000000089b00000, 0x0000000089a00000| Untracked 
|  11|0x0000000089b00000, 0x0000000089c00000, 0x0000000089c00000|100%| O|  |TAMS 0x0000000089c00000, 0x0000000089b00000| Untracked 
|  12|0x0000000089c00000, 0x0000000089d00000, 0x0000000089d00000|100%| O|  |TAMS 0x0000000089d00000, 0x0000000089c00000| Untracked 
|  13|0x0000000089d00000, 0x0000000089e00000, 0x0000000089e00000|100%| O|  |TAMS 0x0000000089e00000, 0x0000000089d00000| Untracked 
|  14|0x0000000089e00000, 0x0000000089f00000, 0x0000000089f00000|100%| O|  |TAMS 0x0000000089f00000, 0x0000000089e00000| Untracked 
|  15|0x0000000089f00000, 0x000000008a000000, 0x000000008a000000|100%| O|  |TAMS 0x0000000089ff8800, 0x0000000089f00000| Untracked 
|  16|0x000000008a000000, 0x000000008a100000, 0x000000008a100000|100%| O|  |TAMS 0x000000008a000000, 0x000000008a000000| Untracked 
|  17|0x000000008a100000, 0x000000008a200000, 0x000000008a200000|100%| O|  |TAMS 0x000000008a100000, 0x000000008a100000| Untracked 
|  18|0x000000008a200000, 0x000000008a300000, 0x000000008a300000|100%| O|  |TAMS 0x000000008a200000, 0x000000008a200000| Untracked 
|  19|0x000000008a300000, 0x000000008a400000, 0x000000008a400000|100%| O|  |TAMS 0x000000008a300000, 0x000000008a300000| Untracked 
|  20|0x000000008a400000, 0x000000008a500000, 0x000000008a500000|100%| O|  |TAMS 0x000000008a400000, 0x000000008a400000| Untracked 
|  21|0x000000008a500000, 0x000000008a600000, 0x000000008a600000|100%| O|  |TAMS 0x000000008a500000, 0x000000008a500000| Untracked 
|  22|0x000000008a600000, 0x000000008a700000, 0x000000008a700000|100%| O|  |TAMS 0x000000008a600000, 0x000000008a600000| Untracked 
|  23|0x000000008a700000, 0x000000008a800000, 0x000000008a800000|100%| O|  |TAMS 0x000000008a700000, 0x000000008a700000| Untracked 
|  24|0x000000008a800000, 0x000000008a900000, 0x000000008a900000|100%| O|  |TAMS 0x000000008a800000, 0x000000008a800000| Untracked 
|  25|0x000000008a900000, 0x000000008aa00000, 0x000000008aa00000|100%| O|  |TAMS 0x000000008a900000, 0x000000008a900000| Untracked 
|  26|0x000000008aa00000, 0x000000008ab00000, 0x000000008ab00000|100%| O|  |TAMS 0x000000008aa00000, 0x000000008aa00000| Untracked 
|  27|0x000000008ab00000, 0x000000008ac00000, 0x000000008ac00000|100%| O|  |TAMS 0x000000008ab00000, 0x000000008ab00000| Untracked 
|  28|0x000000008ac00000, 0x000000008ad00000, 0x000000008ad00000|100%| O|  |TAMS 0x000000008ac00000, 0x000000008ac00000| Untracked 
|  29|0x000000008ad00000, 0x000000008ae00000, 0x000000008ae00000|100%| O|  |TAMS 0x000000008ad00000, 0x000000008ad00000| Untracked 
|  30|0x000000008ae00000, 0x000000008af00000, 0x000000008af00000|100%| O|  |TAMS 0x000000008ae00000, 0x000000008ae00000| Untracked 
|  31|0x000000008af00000, 0x000000008b000000, 0x000000008b000000|100%| O|  |TAMS 0x000000008af00000, 0x000000008af00000| Untracked 
|  32|0x000000008b000000, 0x000000008b100000, 0x000000008b100000|100%| O|  |TAMS 0x000000008b000000, 0x000000008b000000| Untracked 
|  33|0x000000008b100000, 0x000000008b200000, 0x000000008b200000|100%| O|  |TAMS 0x000000008b100000, 0x000000008b100000| Untracked 
|  34|0x000000008b200000, 0x000000008b300000, 0x000000008b300000|100%| O|  |TAMS 0x000000008b200000, 0x000000008b200000| Untracked 
|  35|0x000000008b300000, 0x000000008b400000, 0x000000008b400000|100%| O|  |TAMS 0x000000008b300000, 0x000000008b300000| Untracked 
|  36|0x000000008b400000, 0x000000008b500000, 0x000000008b500000|100%| O|  |TAMS 0x000000008b400000, 0x000000008b400000| Untracked 
|  37|0x000000008b500000, 0x000000008b600000, 0x000000008b600000|100%| O|  |TAMS 0x000000008b500000, 0x000000008b500000| Untracked 
|  38|0x000000008b600000, 0x000000008b700000, 0x000000008b700000|100%| O|  |TAMS 0x000000008b600000, 0x000000008b600000| Untracked 
|  39|0x000000008b700000, 0x000000008b74de00, 0x000000008b800000| 30%| O|  |TAMS 0x000000008b700000, 0x000000008b700000| Untracked 
|  40|0x000000008b800000, 0x000000008b800000, 0x000000008b900000|  0%| F|  |TAMS 0x000000008b800000, 0x000000008b800000| Untracked 
|  41|0x000000008b900000, 0x000000008b900000, 0x000000008ba00000|  0%| F|  |TAMS 0x000000008b900000, 0x000000008b900000| Untracked 
|  42|0x000000008ba00000, 0x000000008ba00000, 0x000000008bb00000|  0%| F|  |TAMS 0x000000008ba00000, 0x000000008ba00000| Untracked 
|  43|0x000000008bb00000, 0x000000008bb00000, 0x000000008bc00000|  0%| F|  |TAMS 0x000000008bb00000, 0x000000008bb00000| Untracked 
|  44|0x000000008bc00000, 0x000000008bc00000, 0x000000008bd00000|  0%| F|  |TAMS 0x000000008bc00000, 0x000000008bc00000| Untracked 
|  45|0x000000008bd00000, 0x000000008bd00000, 0x000000008be00000|  0%| F|  |TAMS 0x000000008bd00000, 0x000000008bd00000| Untracked 
|  46|0x000000008be00000, 0x000000008be00000, 0x000000008bf00000|  0%| F|  |TAMS 0x000000008be00000, 0x000000008be00000| Untracked 
|  47|0x000000008bf00000, 0x000000008bf00000, 0x000000008c000000|  0%| F|  |TAMS 0x000000008bf00000, 0x000000008bf00000| Untracked 
|  48|0x000000008c000000, 0x000000008c000000, 0x000000008c100000|  0%| F|  |TAMS 0x000000008c000000, 0x000000008c000000| Untracked 
|  49|0x000000008c100000, 0x000000008c100000, 0x000000008c200000|  0%| F|  |TAMS 0x000000008c100000, 0x000000008c100000| Untracked 
|  50|0x000000008c200000, 0x000000008c200000, 0x000000008c300000|  0%| F|  |TAMS 0x000000008c200000, 0x000000008c200000| Untracked 
|  51|0x000000008c300000, 0x000000008c300000, 0x000000008c400000|  0%| F|  |TAMS 0x000000008c300000, 0x000000008c300000| Untracked 
|  52|0x000000008c400000, 0x000000008c400000, 0x000000008c500000|  0%| F|  |TAMS 0x000000008c400000, 0x000000008c400000| Untracked 
|  53|0x000000008c500000, 0x000000008c500000, 0x000000008c600000|  0%| F|  |TAMS 0x000000008c500000, 0x000000008c500000| Untracked 
|  54|0x000000008c600000, 0x000000008c600000, 0x000000008c700000|  0%| F|  |TAMS 0x000000008c600000, 0x000000008c600000| Untracked 
|  55|0x000000008c700000, 0x000000008c700000, 0x000000008c800000|  0%| F|  |TAMS 0x000000008c700000, 0x000000008c700000| Untracked 
|  56|0x000000008c800000, 0x000000008c800000, 0x000000008c900000|  0%| F|  |TAMS 0x000000008c800000, 0x000000008c800000| Untracked 
|  57|0x000000008c900000, 0x000000008c900000, 0x000000008ca00000|  0%| F|  |TAMS 0x000000008c900000, 0x000000008c900000| Untracked 
|  58|0x000000008ca00000, 0x000000008ca00000, 0x000000008cb00000|  0%| F|  |TAMS 0x000000008ca00000, 0x000000008ca00000| Untracked 
|  59|0x000000008cb00000, 0x000000008cb00000, 0x000000008cc00000|  0%| F|  |TAMS 0x000000008cb00000, 0x000000008cb00000| Untracked 
|  60|0x000000008cc00000, 0x000000008cc00000, 0x000000008cd00000|  0%| F|  |TAMS 0x000000008cc00000, 0x000000008cc00000| Untracked 
|  61|0x000000008cd00000, 0x000000008cd00000, 0x000000008ce00000|  0%| F|  |TAMS 0x000000008cd00000, 0x000000008cd00000| Untracked 
|  62|0x000000008ce00000, 0x000000008ce00000, 0x000000008cf00000|  0%| F|  |TAMS 0x000000008ce00000, 0x000000008ce00000| Untracked 
|  63|0x000000008cf00000, 0x000000008cf00000, 0x000000008d000000|  0%| F|  |TAMS 0x000000008cf00000, 0x000000008cf00000| Untracked 
|  64|0x000000008d000000, 0x000000008d000000, 0x000000008d100000|  0%| F|  |TAMS 0x000000008d000000, 0x000000008d000000| Untracked 
|  65|0x000000008d100000, 0x000000008d100000, 0x000000008d200000|  0%| F|  |TAMS 0x000000008d100000, 0x000000008d100000| Untracked 
|  66|0x000000008d200000, 0x000000008d200000, 0x000000008d300000|  0%| F|  |TAMS 0x000000008d200000, 0x000000008d200000| Untracked 
|  67|0x000000008d300000, 0x000000008d300000, 0x000000008d400000|  0%| F|  |TAMS 0x000000008d300000, 0x000000008d300000| Untracked 
|  68|0x000000008d400000, 0x000000008d400000, 0x000000008d500000|  0%| F|  |TAMS 0x000000008d400000, 0x000000008d400000| Untracked 
|  69|0x000000008d500000, 0x000000008d500000, 0x000000008d600000|  0%| F|  |TAMS 0x000000008d500000, 0x000000008d500000| Untracked 
|  70|0x000000008d600000, 0x000000008d600000, 0x000000008d700000|  0%| F|  |TAMS 0x000000008d600000, 0x000000008d600000| Untracked 
|  71|0x000000008d700000, 0x000000008d700000, 0x000000008d800000|  0%| F|  |TAMS 0x000000008d700000, 0x000000008d700000| Untracked 
|  72|0x000000008d800000, 0x000000008d800000, 0x000000008d900000|  0%| F|  |TAMS 0x000000008d800000, 0x000000008d800000| Untracked 
|  73|0x000000008d900000, 0x000000008d900000, 0x000000008da00000|  0%| F|  |TAMS 0x000000008d900000, 0x000000008d900000| Untracked 
|  74|0x000000008da00000, 0x000000008da00000, 0x000000008db00000|  0%| F|  |TAMS 0x000000008da00000, 0x000000008da00000| Untracked 
|  75|0x000000008db00000, 0x000000008db00000, 0x000000008dc00000|  0%| F|  |TAMS 0x000000008db00000, 0x000000008db00000| Untracked 
|  76|0x000000008dc00000, 0x000000008dc00000, 0x000000008dd00000|  0%| F|  |TAMS 0x000000008dc00000, 0x000000008dc00000| Untracked 
|  77|0x000000008dd00000, 0x000000008dd00000, 0x000000008de00000|  0%| F|  |TAMS 0x000000008dd00000, 0x000000008dd00000| Untracked 
|  78|0x000000008de00000, 0x000000008de00000, 0x000000008df00000|  0%| F|  |TAMS 0x000000008de00000, 0x000000008de00000| Untracked 
|  79|0x000000008df00000, 0x000000008df00000, 0x000000008e000000|  0%| F|  |TAMS 0x000000008df00000, 0x000000008df00000| Untracked 
|  80|0x000000008e000000, 0x000000008e000000, 0x000000008e100000|  0%| F|  |TAMS 0x000000008e000000, 0x000000008e000000| Untracked 
|  81|0x000000008e100000, 0x000000008e100000, 0x000000008e200000|  0%| F|  |TAMS 0x000000008e100000, 0x000000008e100000| Untracked 
|  82|0x000000008e200000, 0x000000008e200000, 0x000000008e300000|  0%| F|  |TAMS 0x000000008e200000, 0x000000008e200000| Untracked 
|  83|0x000000008e300000, 0x000000008e300000, 0x000000008e400000|  0%| F|  |TAMS 0x000000008e300000, 0x000000008e300000| Untracked 
|  84|0x000000008e400000, 0x000000008e40b990, 0x000000008e500000|  4%| S|CS|TAMS 0x000000008e400000, 0x000000008e400000| Complete 
|  85|0x000000008e500000, 0x000000008e500000, 0x000000008e600000|  0%| F|  |TAMS 0x000000008e500000, 0x000000008e500000| Untracked 
|  86|0x000000008e600000, 0x000000008e600000, 0x000000008e700000|  0%| F|  |TAMS 0x000000008e600000, 0x000000008e600000| Untracked 
|  87|0x000000008e700000, 0x000000008e700000, 0x000000008e800000|  0%| F|  |TAMS 0x000000008e700000, 0x000000008e700000| Untracked 
|  88|0x000000008e800000, 0x000000008e800000, 0x000000008e900000|  0%| F|  |TAMS 0x000000008e800000, 0x000000008e800000| Untracked 
|  89|0x000000008e900000, 0x000000008e900000, 0x000000008ea00000|  0%| F|  |TAMS 0x000000008e900000, 0x000000008e900000| Untracked 
|  90|0x000000008ea00000, 0x000000008ea00000, 0x000000008eb00000|  0%| F|  |TAMS 0x000000008ea00000, 0x000000008ea00000| Untracked 
|  91|0x000000008eb00000, 0x000000008eb00000, 0x000000008ec00000|  0%| F|  |TAMS 0x000000008eb00000, 0x000000008eb00000| Untracked 
|  92|0x000000008ec00000, 0x000000008ec00000, 0x000000008ed00000|  0%| F|  |TAMS 0x000000008ec00000, 0x000000008ec00000| Untracked 
|  93|0x000000008ed00000, 0x000000008ed00000, 0x000000008ee00000|  0%| F|  |TAMS 0x000000008ed00000, 0x000000008ed00000| Untracked 
|  94|0x000000008ee00000, 0x000000008ee00000, 0x000000008ef00000|  0%| F|  |TAMS 0x000000008ee00000, 0x000000008ee00000| Untracked 
|  95|0x000000008ef00000, 0x000000008ef00000, 0x000000008f000000|  0%| F|  |TAMS 0x000000008ef00000, 0x000000008ef00000| Untracked 
|  96|0x000000008f000000, 0x000000008f000000, 0x000000008f100000|  0%| F|  |TAMS 0x000000008f000000, 0x000000008f000000| Untracked 
|  97|0x000000008f100000, 0x000000008f100000, 0x000000008f200000|  0%| F|  |TAMS 0x000000008f100000, 0x000000008f100000| Untracked 
|  98|0x000000008f200000, 0x000000008f200000, 0x000000008f300000|  0%| F|  |TAMS 0x000000008f200000, 0x000000008f200000| Untracked 
|  99|0x000000008f300000, 0x000000008f300000, 0x000000008f400000|  0%| F|  |TAMS 0x000000008f300000, 0x000000008f300000| Untracked 
| 100|0x000000008f400000, 0x000000008f400000, 0x000000008f500000|  0%| F|  |TAMS 0x000000008f400000, 0x000000008f400000| Untracked 
| 101|0x000000008f500000, 0x000000008f500000, 0x000000008f600000|  0%| F|  |TAMS 0x000000008f500000, 0x000000008f500000| Untracked 
| 102|0x000000008f600000, 0x000000008f600000, 0x000000008f700000|  0%| F|  |TAMS 0x000000008f600000, 0x000000008f600000| Untracked 
| 103|0x000000008f700000, 0x000000008f700000, 0x000000008f800000|  0%| F|  |TAMS 0x000000008f700000, 0x000000008f700000| Untracked 
| 104|0x000000008f800000, 0x000000008f800000, 0x000000008f900000|  0%| F|  |TAMS 0x000000008f800000, 0x000000008f800000| Untracked 
| 105|0x000000008f900000, 0x000000008f900000, 0x000000008fa00000|  0%| F|  |TAMS 0x000000008f900000, 0x000000008f900000| Untracked 
| 106|0x000000008fa00000, 0x000000008fa00000, 0x000000008fb00000|  0%| F|  |TAMS 0x000000008fa00000, 0x000000008fa00000| Untracked 
| 107|0x000000008fb00000, 0x000000008fb00000, 0x000000008fc00000|  0%| F|  |TAMS 0x000000008fb00000, 0x000000008fb00000| Untracked 
| 108|0x000000008fc00000, 0x000000008fc00000, 0x000000008fd00000|  0%| F|  |TAMS 0x000000008fc00000, 0x000000008fc00000| Untracked 
| 109|0x000000008fd00000, 0x000000008fd00000, 0x000000008fe00000|  0%| F|  |TAMS 0x000000008fd00000, 0x000000008fd00000| Untracked 
| 110|0x000000008fe00000, 0x000000008fe00000, 0x000000008ff00000|  0%| F|  |TAMS 0x000000008fe00000, 0x000000008fe00000| Untracked 
| 111|0x000000008ff00000, 0x000000008ff00000, 0x0000000090000000|  0%| F|  |TAMS 0x000000008ff00000, 0x000000008ff00000| Untracked 
| 112|0x0000000090000000, 0x0000000090000000, 0x0000000090100000|  0%| F|  |TAMS 0x0000000090000000, 0x0000000090000000| Untracked 
| 113|0x0000000090100000, 0x0000000090100000, 0x0000000090200000|  0%| F|  |TAMS 0x0000000090100000, 0x0000000090100000| Untracked 
| 114|0x0000000090200000, 0x0000000090200000, 0x0000000090300000|  0%| F|  |TAMS 0x0000000090200000, 0x0000000090200000| Untracked 
| 115|0x0000000090300000, 0x0000000090300000, 0x0000000090400000|  0%| F|  |TAMS 0x0000000090300000, 0x0000000090300000| Untracked 
| 116|0x0000000090400000, 0x0000000090400000, 0x0000000090500000|  0%| F|  |TAMS 0x0000000090400000, 0x0000000090400000| Untracked 
| 117|0x0000000090500000, 0x0000000090500000, 0x0000000090600000|  0%| F|  |TAMS 0x0000000090500000, 0x0000000090500000| Untracked 
| 118|0x0000000090600000, 0x0000000090600000, 0x0000000090700000|  0%| F|  |TAMS 0x0000000090600000, 0x0000000090600000| Untracked 
| 119|0x0000000090700000, 0x0000000090700000, 0x0000000090800000|  0%| F|  |TAMS 0x0000000090700000, 0x0000000090700000| Untracked 
| 120|0x0000000090800000, 0x0000000090800000, 0x0000000090900000|  0%| F|  |TAMS 0x0000000090800000, 0x0000000090800000| Untracked 
| 121|0x0000000090900000, 0x0000000090900000, 0x0000000090a00000|  0%| F|  |TAMS 0x0000000090900000, 0x0000000090900000| Untracked 
| 122|0x0000000090a00000, 0x0000000090abcb68, 0x0000000090b00000| 73%| E|  |TAMS 0x0000000090a00000, 0x0000000090a00000| Complete 
| 123|0x0000000090b00000, 0x0000000090c00000, 0x0000000090c00000|100%| E|CS|TAMS 0x0000000090b00000, 0x0000000090b00000| Complete 
| 124|0x0000000090c00000, 0x0000000090d00000, 0x0000000090d00000|100%| E|CS|TAMS 0x0000000090c00000, 0x0000000090c00000| Complete 
| 125|0x0000000090d00000, 0x0000000090e00000, 0x0000000090e00000|100%| E|CS|TAMS 0x0000000090d00000, 0x0000000090d00000| Complete 
| 126|0x0000000090e00000, 0x0000000090f00000, 0x0000000090f00000|100%| E|CS|TAMS 0x0000000090e00000, 0x0000000090e00000| Complete 
| 127|0x0000000090f00000, 0x0000000091000000, 0x0000000091000000|100%| E|CS|TAMS 0x0000000090f00000, 0x0000000090f00000| Complete 
| 128|0x0000000091000000, 0x0000000091100000, 0x0000000091100000|100%| E|CS|TAMS 0x0000000091000000, 0x0000000091000000| Complete 
| 129|0x0000000091100000, 0x0000000091200000, 0x0000000091200000|100%| E|CS|TAMS 0x0000000091100000, 0x0000000091100000| Complete 
| 130|0x0000000091200000, 0x0000000091300000, 0x0000000091300000|100%| E|CS|TAMS 0x0000000091200000, 0x0000000091200000| Complete 
| 131|0x0000000091300000, 0x0000000091400000, 0x0000000091400000|100%| E|CS|TAMS 0x0000000091300000, 0x0000000091300000| Complete 
| 132|0x0000000091400000, 0x0000000091500000, 0x0000000091500000|100%| E|CS|TAMS 0x0000000091400000, 0x0000000091400000| Complete 
| 133|0x0000000091500000, 0x0000000091600000, 0x0000000091600000|100%| E|CS|TAMS 0x0000000091500000, 0x0000000091500000| Complete 
| 134|0x0000000091600000, 0x0000000091700000, 0x0000000091700000|100%| E|CS|TAMS 0x0000000091600000, 0x0000000091600000| Complete 
| 135|0x0000000091700000, 0x0000000091800000, 0x0000000091800000|100%| E|CS|TAMS 0x0000000091700000, 0x0000000091700000| Complete 
| 136|0x0000000091800000, 0x0000000091900000, 0x0000000091900000|100%| E|CS|TAMS 0x0000000091800000, 0x0000000091800000| Complete 
| 137|0x0000000091900000, 0x0000000091a00000, 0x0000000091a00000|100%| E|CS|TAMS 0x0000000091900000, 0x0000000091900000| Complete 
| 138|0x0000000091a00000, 0x0000000091b00000, 0x0000000091b00000|100%| E|CS|TAMS 0x0000000091a00000, 0x0000000091a00000| Complete 
| 139|0x0000000091b00000, 0x0000000091c00000, 0x0000000091c00000|100%| E|CS|TAMS 0x0000000091b00000, 0x0000000091b00000| Complete 
| 140|0x0000000091c00000, 0x0000000091d00000, 0x0000000091d00000|100%| E|CS|TAMS 0x0000000091c00000, 0x0000000091c00000| Complete 
| 141|0x0000000091d00000, 0x0000000091e00000, 0x0000000091e00000|100%| E|CS|TAMS 0x0000000091d00000, 0x0000000091d00000| Complete 
| 142|0x0000000091e00000, 0x0000000091f00000, 0x0000000091f00000|100%| E|CS|TAMS 0x0000000091e00000, 0x0000000091e00000| Complete 
| 143|0x0000000091f00000, 0x0000000092000000, 0x0000000092000000|100%| E|CS|TAMS 0x0000000091f00000, 0x0000000091f00000| Complete 
| 144|0x0000000092000000, 0x0000000092100000, 0x0000000092100000|100%| E|CS|TAMS 0x0000000092000000, 0x0000000092000000| Complete 
| 145|0x0000000092100000, 0x0000000092200000, 0x0000000092200000|100%| E|CS|TAMS 0x0000000092100000, 0x0000000092100000| Complete 
| 146|0x0000000092200000, 0x0000000092300000, 0x0000000092300000|100%| E|CS|TAMS 0x0000000092200000, 0x0000000092200000| Complete 
| 147|0x0000000092300000, 0x0000000092400000, 0x0000000092400000|100%| E|CS|TAMS 0x0000000092300000, 0x0000000092300000| Complete 
| 148|0x0000000092400000, 0x0000000092500000, 0x0000000092500000|100%| E|CS|TAMS 0x0000000092400000, 0x0000000092400000| Complete 
| 149|0x0000000092500000, 0x0000000092600000, 0x0000000092600000|100%| E|CS|TAMS 0x0000000092500000, 0x0000000092500000| Complete 
| 150|0x0000000092600000, 0x0000000092700000, 0x0000000092700000|100%| E|CS|TAMS 0x0000000092600000, 0x0000000092600000| Complete 
| 151|0x0000000092700000, 0x0000000092800000, 0x0000000092800000|100%| E|CS|TAMS 0x0000000092700000, 0x0000000092700000| Complete 
| 152|0x0000000092800000, 0x0000000092900000, 0x0000000092900000|100%| E|CS|TAMS 0x0000000092800000, 0x0000000092800000| Complete 
| 153|0x0000000092900000, 0x0000000092a00000, 0x0000000092a00000|100%| E|CS|TAMS 0x0000000092900000, 0x0000000092900000| Complete 
| 154|0x0000000092a00000, 0x0000000092b00000, 0x0000000092b00000|100%| E|CS|TAMS 0x0000000092a00000, 0x0000000092a00000| Complete 
| 155|0x0000000092b00000, 0x0000000092c00000, 0x0000000092c00000|100%| E|CS|TAMS 0x0000000092b00000, 0x0000000092b00000| Complete 
| 156|0x0000000092c00000, 0x0000000092d00000, 0x0000000092d00000|100%| E|CS|TAMS 0x0000000092c00000, 0x0000000092c00000| Complete 
| 157|0x0000000092d00000, 0x0000000092e00000, 0x0000000092e00000|100%| E|CS|TAMS 0x0000000092d00000, 0x0000000092d00000| Complete 
| 158|0x0000000092e00000, 0x0000000092f00000, 0x0000000092f00000|100%| E|CS|TAMS 0x0000000092e00000, 0x0000000092e00000| Complete 
| 159|0x0000000092f00000, 0x0000000093000000, 0x0000000093000000|100%| E|CS|TAMS 0x0000000092f00000, 0x0000000092f00000| Complete 
| 160|0x0000000093000000, 0x0000000093100000, 0x0000000093100000|100%| E|CS|TAMS 0x0000000093000000, 0x0000000093000000| Complete 
| 161|0x0000000093100000, 0x0000000093200000, 0x0000000093200000|100%| E|CS|TAMS 0x0000000093100000, 0x0000000093100000| Complete 
| 162|0x0000000093200000, 0x0000000093300000, 0x0000000093300000|100%| E|CS|TAMS 0x0000000093200000, 0x0000000093200000| Complete 
| 163|0x0000000093300000, 0x0000000093400000, 0x0000000093400000|100%| E|CS|TAMS 0x0000000093300000, 0x0000000093300000| Complete 
| 164|0x0000000093400000, 0x0000000093500000, 0x0000000093500000|100%| E|CS|TAMS 0x0000000093400000, 0x0000000093400000| Complete 
| 165|0x0000000093500000, 0x0000000093600000, 0x0000000093600000|100%| E|CS|TAMS 0x0000000093500000, 0x0000000093500000| Complete 
| 166|0x0000000093600000, 0x0000000093700000, 0x0000000093700000|100%| E|CS|TAMS 0x0000000093600000, 0x0000000093600000| Complete 
| 167|0x0000000093700000, 0x0000000093800000, 0x0000000093800000|100%| E|CS|TAMS 0x0000000093700000, 0x0000000093700000| Complete 
| 168|0x0000000093800000, 0x0000000093900000, 0x0000000093900000|100%| E|CS|TAMS 0x0000000093800000, 0x0000000093800000| Complete 
| 169|0x0000000093900000, 0x0000000093a00000, 0x0000000093a00000|100%| E|CS|TAMS 0x0000000093900000, 0x0000000093900000| Complete 
| 170|0x0000000093a00000, 0x0000000093b00000, 0x0000000093b00000|100%| E|CS|TAMS 0x0000000093a00000, 0x0000000093a00000| Complete 
| 171|0x0000000093b00000, 0x0000000093c00000, 0x0000000093c00000|100%| E|CS|TAMS 0x0000000093b00000, 0x0000000093b00000| Complete 
| 172|0x0000000093c00000, 0x0000000093d00000, 0x0000000093d00000|100%| E|CS|TAMS 0x0000000093c00000, 0x0000000093c00000| Complete 
| 173|0x0000000093d00000, 0x0000000093e00000, 0x0000000093e00000|100%| E|CS|TAMS 0x0000000093d00000, 0x0000000093d00000| Complete 
| 174|0x0000000093e00000, 0x0000000093f00000, 0x0000000093f00000|100%| E|CS|TAMS 0x0000000093e00000, 0x0000000093e00000| Complete 
| 175|0x0000000093f00000, 0x0000000094000000, 0x0000000094000000|100%| E|CS|TAMS 0x0000000093f00000, 0x0000000093f00000| Complete 
| 176|0x0000000094000000, 0x0000000094100000, 0x0000000094100000|100%| E|CS|TAMS 0x0000000094000000, 0x0000000094000000| Complete 
| 177|0x0000000094100000, 0x0000000094200000, 0x0000000094200000|100%| E|CS|TAMS 0x0000000094100000, 0x0000000094100000| Complete 
| 178|0x0000000094200000, 0x0000000094300000, 0x0000000094300000|100%| E|CS|TAMS 0x0000000094200000, 0x0000000094200000| Complete 
| 179|0x0000000094300000, 0x0000000094400000, 0x0000000094400000|100%| E|CS|TAMS 0x0000000094300000, 0x0000000094300000| Complete 
| 180|0x0000000094400000, 0x0000000094500000, 0x0000000094500000|100%| E|CS|TAMS 0x0000000094400000, 0x0000000094400000| Complete 
| 181|0x0000000094500000, 0x0000000094600000, 0x0000000094600000|100%| E|CS|TAMS 0x0000000094500000, 0x0000000094500000| Complete 
| 182|0x0000000094600000, 0x0000000094700000, 0x0000000094700000|100%| E|CS|TAMS 0x0000000094600000, 0x0000000094600000| Complete 
| 183|0x0000000094700000, 0x0000000094800000, 0x0000000094800000|100%| E|CS|TAMS 0x0000000094700000, 0x0000000094700000| Complete 
| 184|0x0000000094800000, 0x0000000094900000, 0x0000000094900000|100%| E|CS|TAMS 0x0000000094800000, 0x0000000094800000| Complete 
| 185|0x0000000094900000, 0x0000000094a00000, 0x0000000094a00000|100%| E|CS|TAMS 0x0000000094900000, 0x0000000094900000| Complete 
| 186|0x0000000094a00000, 0x0000000094b00000, 0x0000000094b00000|100%| E|CS|TAMS 0x0000000094a00000, 0x0000000094a00000| Complete 
| 187|0x0000000094b00000, 0x0000000094c00000, 0x0000000094c00000|100%| E|CS|TAMS 0x0000000094b00000, 0x0000000094b00000| Complete 
| 188|0x0000000094c00000, 0x0000000094d00000, 0x0000000094d00000|100%| E|CS|TAMS 0x0000000094c00000, 0x0000000094c00000| Complete 
| 189|0x0000000094d00000, 0x0000000094e00000, 0x0000000094e00000|100%| E|CS|TAMS 0x0000000094d00000, 0x0000000094d00000| Complete 
| 190|0x0000000094e00000, 0x0000000094f00000, 0x0000000094f00000|100%| E|CS|TAMS 0x0000000094e00000, 0x0000000094e00000| Complete 
| 191|0x0000000094f00000, 0x0000000095000000, 0x0000000095000000|100%| E|CS|TAMS 0x0000000094f00000, 0x0000000094f00000| Complete 
| 192|0x0000000095000000, 0x0000000095100000, 0x0000000095100000|100%| E|CS|TAMS 0x0000000095000000, 0x0000000095000000| Complete 
| 193|0x0000000095100000, 0x0000000095200000, 0x0000000095200000|100%| E|CS|TAMS 0x0000000095100000, 0x0000000095100000| Complete 
| 194|0x0000000095200000, 0x0000000095300000, 0x0000000095300000|100%| E|CS|TAMS 0x0000000095200000, 0x0000000095200000| Complete 
| 195|0x0000000095300000, 0x0000000095400000, 0x0000000095400000|100%| E|CS|TAMS 0x0000000095300000, 0x0000000095300000| Complete 
| 196|0x0000000095400000, 0x0000000095500000, 0x0000000095500000|100%| E|CS|TAMS 0x0000000095400000, 0x0000000095400000| Complete 
| 197|0x0000000095500000, 0x0000000095600000, 0x0000000095600000|100%| E|CS|TAMS 0x0000000095500000, 0x0000000095500000| Complete 
| 198|0x0000000095600000, 0x0000000095700000, 0x0000000095700000|100%| E|CS|TAMS 0x0000000095600000, 0x0000000095600000| Complete 
| 199|0x0000000095700000, 0x0000000095800000, 0x0000000095800000|100%| E|CS|TAMS 0x0000000095700000, 0x0000000095700000| Complete 
| 200|0x0000000095800000, 0x0000000095900000, 0x0000000095900000|100%| E|CS|TAMS 0x0000000095800000, 0x0000000095800000| Complete 
| 201|0x0000000095900000, 0x0000000095a00000, 0x0000000095a00000|100%| E|CS|TAMS 0x0000000095900000, 0x0000000095900000| Complete 
| 202|0x0000000095a00000, 0x0000000095b00000, 0x0000000095b00000|100%| E|CS|TAMS 0x0000000095a00000, 0x0000000095a00000| Complete 
| 203|0x0000000095b00000, 0x0000000095c00000, 0x0000000095c00000|100%| E|CS|TAMS 0x0000000095b00000, 0x0000000095b00000| Complete 
| 204|0x0000000095c00000, 0x0000000095d00000, 0x0000000095d00000|100%| E|CS|TAMS 0x0000000095c00000, 0x0000000095c00000| Complete 
| 205|0x0000000095d00000, 0x0000000095e00000, 0x0000000095e00000|100%| E|CS|TAMS 0x0000000095d00000, 0x0000000095d00000| Complete 
| 206|0x0000000095e00000, 0x0000000095f00000, 0x0000000095f00000|100%| E|CS|TAMS 0x0000000095e00000, 0x0000000095e00000| Complete 
| 207|0x0000000095f00000, 0x0000000096000000, 0x0000000096000000|100%| E|CS|TAMS 0x0000000095f00000, 0x0000000095f00000| Complete 

Card table byte_map: [0x000002a89e290000,0x000002a89e650000] _byte_map_base: 0x000002a89de48000

Marking Bits (Prev, Next): (CMBitMap*) 0x000002a886852e80, (CMBitMap*) 0x000002a886852e48
 Prev Bits: [0x000002a8a07d0000, 0x000002a8a2590000)
 Next Bits: [0x000002a89ea10000, 0x000002a8a07d0000)

Polling page: 0x000002a8846f0000

Metaspace:

Usage:
  Non-class:     70.89 MB capacity,    69.56 MB ( 98%) used,     1.05 MB (  1%) free+waste,   277.69 KB ( <1%) overhead. 
      Class:     10.25 MB capacity,     9.44 MB ( 92%) used,   709.19 KB (  7%) free+waste,   123.38 KB (  1%) overhead. 
       Both:     81.14 MB capacity,    79.00 MB ( 97%) used,     1.74 MB (  2%) free+waste,   401.06 KB ( <1%) overhead. 

Virtual space:
  Non-class space:       72.00 MB reserved,      71.00 MB ( 99%) committed 
      Class space:        1.00 GB reserved,      10.32 MB (  1%) committed 
             Both:        1.07 GB reserved,      81.32 MB (  7%) committed 

Chunk freelists:
   Non-Class:  52.00 KB
       Class:  1.00 KB
        Both:  53.00 KB

MaxMetaspaceSize: 17179869184.00 GB
CompressedClassSpaceSize: 1.00 GB

CodeHeap 'non-profiled nmethods': size=120064Kb used=10649Kb max_used=10649Kb free=109414Kb
 bounds [0x000002a896990000, 0x000002a897400000, 0x000002a89ded0000]
CodeHeap 'profiled nmethods': size=120000Kb used=26096Kb max_used=27051Kb free=93903Kb
 bounds [0x000002a88f460000, 0x000002a890ee0000, 0x000002a896990000]
CodeHeap 'non-nmethods': size=5696Kb used=1240Kb max_used=1301Kb free=4455Kb
 bounds [0x000002a88eed0000, 0x000002a88f140000, 0x000002a88f460000]
 total_blobs=13448 nmethods=12831 adapters=526
 compilation: enabled
              stopped_count=0, restarted_count=0
 full_count=0

Compilation events (20 events):
Event: 1314.527 Thread 0x000002a8a5404000 14180       2       io.micrometer.core.instrument.binder.logging.MetricsTurboFilter::decide (165 bytes)
Event: 1314.528 Thread 0x000002a8a5404000 nmethod 14180 0x000002a88f7b4310 code [0x000002a88f7b4540, 0x000002a88f7b48a8]
Event: 1314.528 Thread 0x000002a8a5404000 14179       2       org.springframework.web.servlet.mvc.condition.RequestMethodsRequestCondition::getMatchingCondition (73 bytes)
Event: 1314.529 Thread 0x000002a8a5404000 nmethod 14179 0x000002a88f78ba10 code [0x000002a88f78bc40, 0x000002a88f78bf78]
Event: 1314.529 Thread 0x000002a8a5404000 14181       2       org.springframework.boot.ansi.AnsiOutput::toString (32 bytes)
Event: 1314.530 Thread 0x000002a8a5404000 nmethod 14181 0x000002a88f7b4e90 code [0x000002a88f7b5080, 0x000002a88f7b53b8]
Event: 1314.530 Thread 0x000002a8a5404000 14183       2       ch.qos.logback.classic.spi.StackTraceElementProxy::toString (5 bytes)
Event: 1314.530 Thread 0x000002a8a5404000 nmethod 14183 0x000002a88f6dc010 code [0x000002a88f6dc1c0, 0x000002a88f6dc2c8]
Event: 1314.531 Thread 0x000002a8a5404000 14184       1       ch.qos.logback.classic.spi.StackTraceElementProxy::getClassPackagingData (5 bytes)
Event: 1314.531 Thread 0x000002a8a5404000 nmethod 14184 0x000002a8973f2a10 code [0x000002a8973f2bc0, 0x000002a8973f2c78]
Event: 1314.531 Thread 0x000002a8a5404000 14185       1       ch.qos.logback.classic.spi.ClassPackagingData::isExact (5 bytes)
Event: 1314.531 Thread 0x000002a8a5404000 nmethod 14185 0x000002a8973f2d10 code [0x000002a8973f2ec0, 0x000002a8973f2f78]
Event: 1314.531 Thread 0x000002a8a5404000 14186       1       ch.qos.logback.classic.spi.ClassPackagingData::getCodeLocation (5 bytes)
Event: 1314.531 Thread 0x000002a8a5404000 nmethod 14186 0x000002a8973f3010 code [0x000002a8973f31c0, 0x000002a8973f3278]
Event: 1314.531 Thread 0x000002a8a5404000 14187       1       ch.qos.logback.classic.spi.ClassPackagingData::getVersion (5 bytes)
Event: 1314.531 Thread 0x000002a8a5404000 nmethod 14187 0x000002a8973f3310 code [0x000002a8973f34c0, 0x000002a8973f3578]
Event: 1314.531 Thread 0x000002a8a5404000 14182       2       org.springframework.boot.ansi.AnsiOutput::isEnabled (46 bytes)
Event: 1314.531 Thread 0x000002a8a5404000 nmethod 14182 0x000002a88f707610 code [0x000002a88f7077e0, 0x000002a88f7079e8]
Event: 1314.617 Thread 0x000002a8a4aac800 nmethod 14142 0x000002a8973f3610 code [0x000002a8973f3900, 0x000002a8973f6e48]
Event: 1314.617 Thread 0x000002a8a4aac800 14173       4       org.springframework.web.servlet.mvc.method.RequestMappingInfoHandlerMapping::getMatchingMapping (10 bytes)

GC Heap History (20 events):
Event: 1235.390 GC heap before
{Heap before GC invocations=35 (full 0):
 garbage-first heap   total 212992K, used 165158K [0x0000000089000000, 0x0000000100000000)
  region size 1024K, 124 young (126976K), 1 survivors (1024K)
 Metaspace       used 80535K, capacity 82723K, committed 83020K, reserved 1122304K
  class space    used 9621K, capacity 10461K, committed 10572K, reserved 1048576K
}
Event: 1235.393 GC heap after
{Heap after GC invocations=36 (full 0):
 garbage-first heap   total 212992K, used 40249K [0x0000000089000000, 0x0000000100000000)
  region size 1024K, 1 young (1024K), 1 survivors (1024K)
 Metaspace       used 80535K, capacity 82723K, committed 83020K, reserved 1122304K
  class space    used 9621K, capacity 10461K, committed 10572K, reserved 1048576K
}
Event: 1243.424 GC heap before
{Heap before GC invocations=36 (full 0):
 garbage-first heap   total 212992K, used 165177K [0x0000000089000000, 0x0000000100000000)
  region size 1024K, 124 young (126976K), 1 survivors (1024K)
 Metaspace       used 80538K, capacity 82723K, committed 83020K, reserved 1122304K
  class space    used 9621K, capacity 10461K, committed 10572K, reserved 1048576K
}
Event: 1243.426 GC heap after
{Heap after GC invocations=37 (full 0):
 garbage-first heap   total 212992K, used 40278K [0x0000000089000000, 0x0000000100000000)
  region size 1024K, 1 young (1024K), 1 survivors (1024K)
 Metaspace       used 80538K, capacity 82723K, committed 83020K, reserved 1122304K
  class space    used 9621K, capacity 10461K, committed 10572K, reserved 1048576K
}
Event: 1251.687 GC heap before
{Heap before GC invocations=37 (full 0):
 garbage-first heap   total 212992K, used 166230K [0x0000000089000000, 0x0000000100000000)
  region size 1024K, 124 young (126976K), 1 survivors (1024K)
 Metaspace       used 80540K, capacity 82723K, committed 83020K, reserved 1122304K
  class space    used 9621K, capacity 10461K, committed 10572K, reserved 1048576K
}
Event: 1251.689 GC heap after
{Heap after GC invocations=38 (full 0):
 garbage-first heap   total 212992K, used 40306K [0x0000000089000000, 0x0000000100000000)
  region size 1024K, 1 young (1024K), 1 survivors (1024K)
 Metaspace       used 80540K, capacity 82723K, committed 83020K, reserved 1122304K
  class space    used 9621K, capacity 10461K, committed 10572K, reserved 1048576K
}
Event: 1259.476 GC heap before
{Heap before GC invocations=38 (full 0):
 garbage-first heap   total 212992K, used 165234K [0x0000000089000000, 0x0000000100000000)
  region size 1024K, 124 young (126976K), 1 survivors (1024K)
 Metaspace       used 80540K, capacity 82723K, committed 83020K, reserved 1122304K
  class space    used 9621K, capacity 10461K, committed 10572K, reserved 1048576K
}
Event: 1259.478 GC heap after
{Heap after GC invocations=39 (full 0):
 garbage-first heap   total 212992K, used 40250K [0x0000000089000000, 0x0000000100000000)
  region size 1024K, 1 young (1024K), 1 survivors (1024K)
 Metaspace       used 80540K, capacity 82723K, committed 83020K, reserved 1122304K
  class space    used 9621K, capacity 10461K, committed 10572K, reserved 1048576K
}
Event: 1267.295 GC heap before
{Heap before GC invocations=39 (full 0):
 garbage-first heap   total 212992K, used 165178K [0x0000000089000000, 0x0000000100000000)
  region size 1024K, 124 young (126976K), 1 survivors (1024K)
 Metaspace       used 80541K, capacity 82723K, committed 83020K, reserved 1122304K
  class space    used 9621K, capacity 10461K, committed 10572K, reserved 1048576K
}
Event: 1267.297 GC heap after
{Heap after GC invocations=40 (full 0):
 garbage-first heap   total 212992K, used 40287K [0x0000000089000000, 0x0000000100000000)
  region size 1024K, 1 young (1024K), 1 survivors (1024K)
 Metaspace       used 80541K, capacity 82723K, committed 83020K, reserved 1122304K
  class space    used 9621K, capacity 10461K, committed 10572K, reserved 1048576K
}
Event: 1275.738 GC heap before
{Heap before GC invocations=40 (full 0):
 garbage-first heap   total 212992K, used 166239K [0x0000000089000000, 0x0000000100000000)
  region size 1024K, 124 young (126976K), 1 survivors (1024K)
 Metaspace       used 80542K, capacity 82723K, committed 83020K, reserved 1122304K
  class space    used 9621K, capacity 10461K, committed 10572K, reserved 1048576K
}
Event: 1275.739 GC heap after
{Heap after GC invocations=41 (full 0):
 garbage-first heap   total 212992K, used 40284K [0x0000000089000000, 0x0000000100000000)
  region size 1024K, 1 young (1024K), 1 survivors (1024K)
 Metaspace       used 80542K, capacity 82723K, committed 83020K, reserved 1122304K
  class space    used 9621K, capacity 10461K, committed 10572K, reserved 1048576K
}
Event: 1283.558 GC heap before
{Heap before GC invocations=41 (full 0):
 garbage-first heap   total 212992K, used 166236K [0x0000000089000000, 0x0000000100000000)
  region size 1024K, 124 young (126976K), 1 survivors (1024K)
 Metaspace       used 80559K, capacity 82723K, committed 83020K, reserved 1122304K
  class space    used 9621K, capacity 10461K, committed 10572K, reserved 1048576K
}
Event: 1283.559 GC heap after
{Heap after GC invocations=42 (full 0):
 garbage-first heap   total 212992K, used 40265K [0x0000000089000000, 0x0000000100000000)
  region size 1024K, 1 young (1024K), 1 survivors (1024K)
 Metaspace       used 80559K, capacity 82723K, committed 83020K, reserved 1122304K
  class space    used 9621K, capacity 10461K, committed 10572K, reserved 1048576K
}
Event: 1292.023 GC heap before
{Heap before GC invocations=42 (full 0):
 garbage-first heap   total 212992K, used 165193K [0x0000000089000000, 0x0000000100000000)
  region size 1024K, 124 young (126976K), 1 survivors (1024K)
 Metaspace       used 80596K, capacity 82723K, committed 83020K, reserved 1122304K
  class space    used 9621K, capacity 10461K, committed 10572K, reserved 1048576K
}
Event: 1292.025 GC heap after
{Heap after GC invocations=43 (full 0):
 garbage-first heap   total 212992K, used 40294K [0x0000000089000000, 0x0000000100000000)
  region size 1024K, 1 young (1024K), 1 survivors (1024K)
 Metaspace       used 80596K, capacity 82723K, committed 83020K, reserved 1122304K
  class space    used 9621K, capacity 10461K, committed 10572K, reserved 1048576K
}
Event: 1300.251 GC heap before
{Heap before GC invocations=43 (full 0):
 garbage-first heap   total 212992K, used 165222K [0x0000000089000000, 0x0000000100000000)
  region size 1024K, 124 young (126976K), 1 survivors (1024K)
 Metaspace       used 80602K, capacity 82723K, committed 83020K, reserved 1122304K
  class space    used 9621K, capacity 10461K, committed 10572K, reserved 1048576K
}
Event: 1300.253 GC heap after
{Heap after GC invocations=44 (full 0):
 garbage-first heap   total 212992K, used 40273K [0x0000000089000000, 0x0000000100000000)
  region size 1024K, 1 young (1024K), 1 survivors (1024K)
 Metaspace       used 80602K, capacity 82723K, committed 83020K, reserved 1122304K
  class space    used 9621K, capacity 10461K, committed 10572K, reserved 1048576K
}
Event: 1308.823 GC heap before
{Heap before GC invocations=44 (full 0):
 garbage-first heap   total 212992K, used 166225K [0x0000000089000000, 0x0000000100000000)
  region size 1024K, 124 young (126976K), 1 survivors (1024K)
 Metaspace       used 80608K, capacity 82724K, committed 83020K, reserved 1122304K
  class space    used 9621K, capacity 10461K, committed 10572K, reserved 1048576K
}
Event: 1308.825 GC heap after
{Heap after GC invocations=45 (full 0):
 garbage-first heap   total 212992K, used 40293K [0x0000000089000000, 0x0000000100000000)
  region size 1024K, 1 young (1024K), 1 survivors (1024K)
 Metaspace       used 80608K, capacity 82724K, committed 83020K, reserved 1122304K
  class space    used 9621K, capacity 10461K, committed 10572K, reserved 1048576K
}

Deoptimization events (20 events):
Event: 1314.516 Thread 0x000002a8a9e3c800 Uncommon trap: trap_request=0xffffff4d fr.pc=0x000002a896d61514 relative=0x0000000000002f94
Event: 1314.516 Thread 0x000002a8a9e3c800 Uncommon trap: reason=unstable_if action=reinterpret pc=0x000002a896d61514 method=org.hibernate.resource.jdbc.internal.LogicalConnectionManagedImpl.releaseConnection()V @ 6 c2
Event: 1314.516 Thread 0x000002a8a9e3c800 DEOPT PACKING pc=0x000002a896d61514 sp=0x000000d7abcfd8a0
Event: 1314.516 Thread 0x000002a8a9e3c800 DEOPT UNPACKING pc=0x000002a88eef74af sp=0x000000d7abcfd7c0 mode 2
Event: 1314.516 Thread 0x000002a8a9e3c800 Uncommon trap: trap_request=0xffffff4d fr.pc=0x000002a896a46d54 relative=0x0000000000000194
Event: 1314.516 Thread 0x000002a8a9e3c800 Uncommon trap: reason=unstable_if action=reinterpret pc=0x000002a896a46d54 method=org.apache.catalina.core.StandardContext.unbind(ZLjava/lang/ClassLoader;)V @ 1 c2
Event: 1314.516 Thread 0x000002a8a9e3c800 DEOPT PACKING pc=0x000002a896a46d54 sp=0x000000d7abcfe740
Event: 1314.516 Thread 0x000002a8a9e3c800 DEOPT UNPACKING pc=0x000002a88eef74af sp=0x000000d7abcfe708 mode 2
Event: 1314.607 Thread 0x000002a8a9e3c800 Uncommon trap: trap_request=0xffffff4d fr.pc=0x000002a897362db8 relative=0x0000000000001438
Event: 1314.607 Thread 0x000002a8a9e3c800 Uncommon trap: reason=unstable_if action=reinterpret pc=0x000002a897362db8 method=org.apache.catalina.valves.ErrorReportValve.invoke(Lorg/apache/catalina/connector/Request;Lorg/apache/catalina/connector/Response;)V @ 22 c2
Event: 1314.607 Thread 0x000002a8a9e3c800 DEOPT PACKING pc=0x000002a897362db8 sp=0x000000d7abcfec80
Event: 1314.607 Thread 0x000002a8a9e3c800 DEOPT UNPACKING pc=0x000002a88eef74af sp=0x000000d7abcfeb18 mode 2
Event: 1314.607 Thread 0x000002a8a9e3c800 Uncommon trap: trap_request=0xffffff4d fr.pc=0x000002a896d5a5a8 relative=0x0000000000001768
Event: 1314.607 Thread 0x000002a8a9e3c800 Uncommon trap: reason=unstable_if action=reinterpret pc=0x000002a896d5a5a8 method=org.apache.coyote.http11.Http11Processor.endRequest()V @ 7 c2
Event: 1314.607 Thread 0x000002a8a9e3c800 DEOPT PACKING pc=0x000002a896d5a5a8 sp=0x000000d7abcfed30
Event: 1314.607 Thread 0x000002a8a9e3c800 DEOPT UNPACKING pc=0x000002a88eef74af sp=0x000000d7abcfec80 mode 2
Event: 1314.607 Thread 0x000002a8a9e3c800 Uncommon trap: trap_request=0xffffff4d fr.pc=0x000002a896b51bc4 relative=0x0000000000000a84
Event: 1314.607 Thread 0x000002a8a9e3c800 Uncommon trap: reason=unstable_if action=reinterpret pc=0x000002a896b51bc4 method=org.apache.coyote.http11.Http11InputBuffer.recycle()V @ 19 c2
Event: 1314.607 Thread 0x000002a8a9e3c800 DEOPT PACKING pc=0x000002a896b51bc4 sp=0x000000d7abcfed00
Event: 1314.607 Thread 0x000002a8a9e3c800 DEOPT UNPACKING pc=0x000002a88eef74af sp=0x000000d7abcfec68 mode 2

Classes redefined (0 events):
No events

Internal exceptions (20 events):
Event: 19.434 Thread 0x000002a8a62f0000 Exception <a 'java/lang/NoSuchMethodError'{0x00000000936b24f0}: 'java.lang.Object java.lang.invoke.DirectMethodHandle$Holder.invokeStatic(java.lang.Object, java.lang.Object, java.lang.Object, java.lang.Object, java.lang.Object, java.lang.Object, java.lang.Object, java.lang.Object, java.lang.Object, java.lang.Object, java.lang.Object, int, int, java.lang.Object, java.lang.Object)'> (0x00000000936b24f0) thrown at [./src/hotspot/share/interpreter/linkResolver.cpp, line 773]
Event: 19.470 Thread 0x000002a8a62f0000 Implicit null exception at 0x000002a896ad4bd9 to 0x000002a896ad4dc4
Event: 1041.738 Thread 0x000002a8a9e3f000 Exception <a 'java/lang/NoSuchMethodError'{0x0000000093616578}: 'java.lang.Object java.lang.invoke.DirectMethodHandle$Holder.invokeStaticInit(java.lang.Object, java.lang.Object, java.lang.Object, java.lang.Object, java.lang.Object, java.lang.Object)'> (0x0000000093616578) thrown at [./src/hotspot/share/interpreter/linkResolver.cpp, line 773]
Event: 1041.886 Thread 0x000002a8a9e3f000 Exception <a 'java/lang/NoSuchMethodError'{0x00000000936d4f60}: 'java.lang.Object java.lang.invoke.DirectMethodHandle$Holder.invokeStatic(java.lang.Object, long)'> (0x00000000936d4f60) thrown at [./src/hotspot/share/interpreter/linkResolver.cpp, line 773]
Event: 1045.675 Thread 0x000002a8a96f3800 Implicit null exception at 0x000002a896ef891e to 0x000002a896ef9b78
Event: 1056.436 Thread 0x000002a8a9e3c800 Implicit null exception at 0x000002a896d6582c to 0x000002a896d65d80
Event: 1062.769 Thread 0x000002a8a9e3a000 Implicit null exception at 0x000002a896f7e5f4 to 0x000002a896f7e6d4
Event: 1190.536 Thread 0x000002a8a9e39000 Implicit null exception at 0x000002a8973b4826 to 0x000002a8973b5058
Event: 1190.559 Thread 0x000002a8a9e3a000 Implicit null exception at 0x000002a8973b4826 to 0x000002a8973b5058
Event: 1190.571 Thread 0x000002a8a96f0800 Implicit null exception at 0x000002a8973b4826 to 0x000002a8973b5058
Event: 1190.577 Thread 0x000002a8a96f7000 Implicit null exception at 0x000002a8973b4826 to 0x000002a8973b5058
Event: 1314.341 Thread 0x000002a8a9e3c800 Implicit null exception at 0x000002a8972483fe to 0x000002a8972488b8
Event: 1314.361 Thread 0x000002a8a9e3c800 Exception <a 'java/lang/NoClassDefFoundError'{0x0000000090ccac48}: sun/reflect/Reflection> (0x0000000090ccac48) thrown at [./src/hotspot/share/classfile/systemDictionary.cpp, line 220]
Event: 1314.435 Thread 0x000002a8a9e3c800 Implicit null exception at 0x000002a8973c5609 to 0x000002a8973c5ca0
Event: 1314.436 Thread 0x000002a8a9e3c800 Implicit null exception at 0x000002a896b4419b to 0x000002a896b44258
Event: 1314.451 Thread 0x000002a8a9e3c800 Implicit null exception at 0x000002a8971872d2 to 0x000002a897187a84
Event: 1314.484 Thread 0x000002a8a9e3c800 Implicit null exception at 0x000002a896a8e77d to 0x000002a896a8ebe4
Event: 1314.514 Thread 0x000002a8a9e3c800 Exception <a 'java/io/IOException'{0x0000000090a4d7a0}> (0x0000000090a4d7a0) thrown at [./src/hotspot/share/prims/jni.cpp, line 615]
Event: 1314.516 Thread 0x000002a8a9e3c800 Implicit null exception at 0x000002a896d5e8be to 0x000002a896d61500
Event: 1314.607 Thread 0x000002a8a9e3c800 Exception <a 'java/io/IOException'{0x0000000090aa1880}> (0x0000000090aa1880) thrown at [./src/hotspot/share/prims/jni.cpp, line 615]

Events (20 events):
Event: 1314.457 loading class com/fasterxml/jackson/databind/ser/std/MapProperty
Event: 1314.457 loading class com/fasterxml/jackson/databind/ser/std/MapProperty done
Event: 1314.486 loading class com/fasterxml/jackson/databind/ser/std/StdKeySerializers
Event: 1314.486 loading class com/fasterxml/jackson/databind/ser/std/StdKeySerializers done
Event: 1314.487 loading class com/fasterxml/jackson/databind/ser/std/StdKeySerializer
Event: 1314.487 loading class com/fasterxml/jackson/databind/ser/std/StdKeySerializer done
Event: 1314.488 loading class com/fasterxml/jackson/databind/ser/std/StdKeySerializers$StringKeySerializer
Event: 1314.488 loading class com/fasterxml/jackson/databind/ser/std/StdKeySerializers$StringKeySerializer done
Event: 1314.489 loading class com/fasterxml/jackson/databind/ser/std/StdKeySerializers$Dynamic
Event: 1314.489 loading class com/fasterxml/jackson/databind/ser/std/StdKeySerializers$Dynamic done
Event: 1314.490 loading class com/fasterxml/jackson/databind/ser/std/StdKeySerializers$Default
Event: 1314.490 loading class com/fasterxml/jackson/databind/ser/std/StdKeySerializers$Default done
Event: 1314.491 loading class com/fasterxml/jackson/databind/ser/std/StdKeySerializers$EnumKeySerializer
Event: 1314.491 loading class com/fasterxml/jackson/databind/ser/std/StdKeySerializers$EnumKeySerializer done
Event: 1314.505 loading class com/fasterxml/jackson/databind/ser/impl/PropertySerializerMap$Multi
Event: 1314.505 loading class com/fasterxml/jackson/databind/ser/impl/PropertySerializerMap$Multi done
Event: 1314.506 loading class com/fasterxml/jackson/databind/ser/impl/PropertySerializerMap$TypeAndSerializer
Event: 1314.506 loading class com/fasterxml/jackson/databind/ser/impl/PropertySerializerMap$TypeAndSerializer done
Event: 1314.517 Executing VM operation: RevokeBias
Event: 1314.518 Executing VM operation: RevokeBias done


Dynamic libraries:
0x00007ff7dd9d0000 - 0x00007ff7dda32000 	C:\Program Files\RedHat\java-11-openjdk-11.0.9-3\bin\java.exe
0x00007ffbad400000 - 0x00007ffbad5f0000 	C:\WINDOWS\SYSTEM32\ntdll.dll
0x00007ffbab4d0000 - 0x00007ffbab582000 	C:\WINDOWS\System32\KERNEL32.DLL
0x00007ffbaa370000 - 0x00007ffbaa615000 	C:\WINDOWS\System32\KERNELBASE.dll
0x00007ffbab130000 - 0x00007ffbab22a000 	C:\WINDOWS\System32\ucrtbase.dll
0x00007ffba6590000 - 0x00007ffba65a5000 	C:\Program Files\RedHat\java-11-openjdk-11.0.9-3\bin\VCRUNTIME140.dll
0x00007ffb957c0000 - 0x00007ffb957d8000 	C:\Program Files\RedHat\java-11-openjdk-11.0.9-3\bin\jli.dll
0x00007ffbab640000 - 0x00007ffbab7d4000 	C:\WINDOWS\System32\USER32.dll
0x00007ffbaafe0000 - 0x00007ffbab001000 	C:\WINDOWS\System32\win32u.dll
0x00007ffbac5f0000 - 0x00007ffbac616000 	C:\WINDOWS\System32\GDI32.dll
0x00007ffbaa620000 - 0x00007ffbaa7b6000 	C:\WINDOWS\System32\gdi32full.dll
0x00007ffb93bc0000 - 0x00007ffb93e44000 	C:\WINDOWS\WinSxS\amd64_microsoft.windows.common-controls_6595b64144ccf1df_6.0.18362.1256_none_9e7e379be45e40e2\COMCTL32.dll
0x00007ffbab010000 - 0x00007ffbab0ae000 	C:\WINDOWS\System32\msvcp_win.dll
0x00007ffbac620000 - 0x00007ffbac6be000 	C:\WINDOWS\System32\msvcrt.dll
0x00007ffbab920000 - 0x00007ffbabc56000 	C:\WINDOWS\System32\combase.dll
0x00007ffbac8f0000 - 0x00007ffbaca10000 	C:\WINDOWS\System32\RPCRT4.dll
0x00007ffbaaf50000 - 0x00007ffbaafd1000 	C:\WINDOWS\System32\bcryptPrimitives.dll
0x00007ffbad1d0000 - 0x00007ffbad1fe000 	C:\WINDOWS\System32\IMM32.DLL
0x00007ffb85af0000 - 0x00007ffb85b8b000 	C:\Program Files\RedHat\java-11-openjdk-11.0.9-3\bin\msvcp140.dll
0x00007ffb5c410000 - 0x00007ffb5cf54000 	C:\Program Files\RedHat\java-11-openjdk-11.0.9-3\bin\server\jvm.dll
0x00007ffbab590000 - 0x00007ffbab633000 	C:\WINDOWS\System32\ADVAPI32.dll
0x00007ffbac720000 - 0x00007ffbac7b7000 	C:\WINDOWS\System32\sechost.dll
0x00007ffbad200000 - 0x00007ffbad208000 	C:\WINDOWS\System32\PSAPI.DLL
0x00007ffba8d40000 - 0x00007ffba8d49000 	C:\WINDOWS\SYSTEM32\WSOCK32.dll
0x00007ffba7e90000 - 0x00007ffba7eb4000 	C:\WINDOWS\SYSTEM32\WINMM.dll
0x00007ffbad210000 - 0x00007ffbad27f000 	C:\WINDOWS\System32\WS2_32.dll
0x00007ffb9d960000 - 0x00007ffb9d96a000 	C:\WINDOWS\SYSTEM32\VERSION.dll
0x00007ffba7e60000 - 0x00007ffba7e8d000 	C:\WINDOWS\SYSTEM32\WINMMBASE.dll
0x00007ffbab0e0000 - 0x00007ffbab12a000 	C:\WINDOWS\System32\cfgmgr32.dll
0x00007ffbaa330000 - 0x00007ffbaa341000 	C:\WINDOWS\System32\kernel.appcore.dll
0x00007ffba6940000 - 0x00007ffba6950000 	C:\Program Files\RedHat\java-11-openjdk-11.0.9-3\bin\verify.dll
0x00007ffba8b10000 - 0x00007ffba8d04000 	C:\WINDOWS\SYSTEM32\DBGHELP.DLL
0x00007ffb9c130000 - 0x00007ffb9c15a000 	C:\WINDOWS\SYSTEM32\dbgcore.DLL
0x00007ffb8e480000 - 0x00007ffb8e4a8000 	C:\Program Files\RedHat\java-11-openjdk-11.0.9-3\bin\java.dll
0x00007ffba3db0000 - 0x00007ffba3dba000 	C:\Program Files\RedHat\java-11-openjdk-11.0.9-3\bin\jimage.dll
0x00007ffb95f90000 - 0x00007ffb95fa7000 	C:\Program Files\RedHat\java-11-openjdk-11.0.9-3\bin\zip.dll
0x00007ffbacae0000 - 0x00007ffbad1c7000 	C:\WINDOWS\System32\SHELL32.dll
0x00007ffbac7c0000 - 0x00007ffbac869000 	C:\WINDOWS\System32\shcore.dll
0x00007ffbaa7c0000 - 0x00007ffbaaf41000 	C:\WINDOWS\System32\windows.storage.dll
0x00007ffbaa300000 - 0x00007ffbaa323000 	C:\WINDOWS\System32\profapi.dll
0x00007ffbaa2b0000 - 0x00007ffbaa2fa000 	C:\WINDOWS\System32\powrprof.dll
0x00007ffbaa2a0000 - 0x00007ffbaa2b0000 	C:\WINDOWS\System32\UMPDC.dll
0x00007ffbac370000 - 0x00007ffbac3c2000 	C:\WINDOWS\System32\shlwapi.dll
0x00007ffbab490000 - 0x00007ffbab4a7000 	C:\WINDOWS\System32\cryptsp.dll
0x00007ffb8e3e0000 - 0x00007ffb8e3f9000 	C:\Program Files\RedHat\java-11-openjdk-11.0.9-3\bin\net.dll
0x00007ffb9e730000 - 0x00007ffb9e820000 	C:\WINDOWS\SYSTEM32\WINHTTP.dll
0x00007ffba9a40000 - 0x00007ffba9aa7000 	C:\WINDOWS\system32\mswsock.dll
0x00007ffb8e3c0000 - 0x00007ffb8e3d2000 	C:\Program Files\RedHat\java-11-openjdk-11.0.9-3\bin\nio.dll
0x00007ffba4c30000 - 0x00007ffba4c39000 	C:\Program Files\RedHat\java-11-openjdk-11.0.9-3\bin\management.dll
0x00007ffba02d0000 - 0x00007ffba02db000 	C:\Program Files\RedHat\java-11-openjdk-11.0.9-3\bin\management_ext.dll
0x00007ffb83f40000 - 0x00007ffb83f56000 	C:\WINDOWS\system32\napinsp.dll
0x00007ffb83410000 - 0x00007ffb8342a000 	C:\WINDOWS\system32\pnrpnsp.dll
0x00007ffba97a0000 - 0x00007ffba986b000 	C:\WINDOWS\SYSTEM32\DNSAPI.dll
0x00007ffbac2b0000 - 0x00007ffbac2b8000 	C:\WINDOWS\System32\NSI.dll
0x00007ffba9760000 - 0x00007ffba979a000 	C:\WINDOWS\SYSTEM32\IPHLPAPI.DLL
0x00007ffb84450000 - 0x00007ffb8445e000 	C:\WINDOWS\System32\winrnr.dll
0x00007ffba65b0000 - 0x00007ffba65cc000 	C:\WINDOWS\system32\NLAapi.dll
0x00007ffba5180000 - 0x00007ffba5195000 	C:\WINDOWS\system32\wshbth.dll
0x00007ffba2020000 - 0x00007ffba202a000 	C:\Windows\System32\rasadhlp.dll
0x00007ffb9e820000 - 0x00007ffb9e897000 	C:\WINDOWS\System32\fwpuclnt.dll
0x00007ffbab0b0000 - 0x00007ffbab0d6000 	C:\WINDOWS\System32\bcrypt.dll
0x00007ffba95c0000 - 0x00007ffba95f3000 	C:\WINDOWS\system32\rsaenh.dll
0x00007ffbaa180000 - 0x00007ffbaa1a5000 	C:\WINDOWS\SYSTEM32\USERENV.dll
0x00007ffba9bc0000 - 0x00007ffba9bcc000 	C:\WINDOWS\SYSTEM32\CRYPTBASE.dll
0x00007ffb9ec80000 - 0x00007ffb9ec96000 	C:\WINDOWS\SYSTEM32\dhcpcsvc6.DLL
0x00007ffb9ec20000 - 0x00007ffb9ec3c000 	C:\WINDOWS\SYSTEM32\dhcpcsvc.DLL

dbghelp: loaded successfully - version: 4.0.5 - missing functions: none
symbol engine: initialized successfully - sym options: 0x614 - pdb path: .;C:\Program Files\RedHat\java-11-openjdk-11.0.9-3\bin;C:\WINDOWS\SYSTEM32;C:\WINDOWS\WinSxS\amd64_microsoft.windows.common-controls_6595b64144ccf1df_6.0.18362.1256_none_9e7e379be45e40e2;C:\Program Files\RedHat\java-11-openjdk-11.0.9-3\bin\server

VM Arguments:
java_command: com.df.dolphinpos.App
java_class_path (initial): D:\Workspace\Netbeans\DolphinPos\target\classes;C:\Users\Minami\.m2\repository\org\springframework\boot\spring-boot-starter-web\2.3.4.RELEASE\spring-boot-starter-web-2.3.4.RELEASE.jar;C:\Users\Minami\.m2\repository\org\springframework\boot\spring-boot-starter\2.3.4.RELEASE\spring-boot-starter-2.3.4.RELEASE.jar;C:\Users\Minami\.m2\repository\org\springframework\boot\spring-boot-starter-logging\2.3.4.RELEASE\spring-boot-starter-logging-2.3.4.RELEASE.jar;C:\Users\Minami\.m2\repository\ch\qos\logback\logback-classic\1.2.3\logback-classic-1.2.3.jar;C:\Users\Minami\.m2\repository\ch\qos\logback\logback-core\1.2.3\logback-core-1.2.3.jar;C:\Users\Minami\.m2\repository\org\apache\logging\log4j\log4j-to-slf4j\2.13.3\log4j-to-slf4j-2.13.3.jar;C:\Users\Minami\.m2\repository\org\apache\logging\log4j\log4j-api\2.13.3\log4j-api-2.13.3.jar;C:\Users\Minami\.m2\repository\org\slf4j\jul-to-slf4j\1.7.30\jul-to-slf4j-1.7.30.jar;C:\Users\Minami\.m2\repository\jakarta\annotation\jakarta.annotation-api\1.3.5\jakarta.annotation-api-1.3.5.jar;C:\Users\Minami\.m2\repository\org\yaml\snakeyaml\1.26\snakeyaml-1.26.jar;C:\Users\Minami\.m2\repository\org\springframework\boot\spring-boot-starter-json\2.3.4.RELEASE\spring-boot-starter-json-2.3.4.RELEASE.jar;C:\Users\Minami\.m2\repository\com\fasterxml\jackson\datatype\jackson-datatype-jdk8\2.11.2\jackson-datatype-jdk8-2.11.2.jar;C:\Users\Minami\.m2\repository\com\fasterxml\jackson\datatype\jackson-datatype-jsr310\2.11.2\jackson-datatype-jsr310-2.11.2.jar;C:\Users\Minami\.m2\repository\com\fasterxml\jackson\module\jackson-module-parameter-names\2.11.2\jackson-module-parameter-names-2.11.2.jar;C:\Users\Minami\.m2\repository\org\springframework\boot\spring-boot-starter-tomcat\2.3.4.RELEASE\spring-boot-starter-tomcat-2.3.4.RELEASE.jar;C:\Users\Minami\.m2\repository\org\apache\tomcat\embed\tomcat-embed-core\9.0.38\tomcat-embed-core-9.0.38.jar;C:\Users\Minami\.m2\repository\org\glassfish\jakarta.el\3.0.3\jakarta.el-3.0.3.jar;
Launcher Type: SUN_STANDARD

[Global flags]
     intx CICompilerCount                          = 3                                         {product} {ergonomic}
     uint ConcGCThreads                            = 1                                         {product} {ergonomic}
     uint G1ConcRefinementThreads                  = 4                                         {product} {ergonomic}
   size_t G1HeapRegionSize                         = 1048576                                   {product} {ergonomic}
    uintx GCDrainStackTargetSize                   = 64                                        {product} {ergonomic}
   size_t InitialHeapSize                          = 125829120                                 {product} {ergonomic}
   size_t MarkStackSize                            = 4194304                                   {product} {ergonomic}
   size_t MaxHeapSize                              = 1996488704                                {product} {ergonomic}
   size_t MaxNewSize                               = 1197473792                                {product} {ergonomic}
   size_t MinHeapDeltaBytes                        = 1048576                                   {product} {ergonomic}
    uintx NonNMethodCodeHeapSize                   = 5830732                                {pd product} {ergonomic}
    uintx NonProfiledCodeHeapSize                  = 122913754                              {pd product} {ergonomic}
    uintx ProfiledCodeHeapSize                     = 122913754                              {pd product} {ergonomic}
    uintx ReservedCodeCacheSize                    = 251658240                              {pd product} {ergonomic}
     bool SegmentedCodeCache                       = true                                      {product} {ergonomic}
     bool UseCompressedClassPointers               = true                                 {lp64_product} {ergonomic}
     bool UseCompressedOops                        = true                                 {lp64_product} {ergonomic}
     bool UseG1GC                                  = true                                      {product} {ergonomic}
     bool UseLargePagesIndividualAllocation        = false                                  {pd product} {ergonomic}

Logging:
Log output configuration:
 #0: stdout all=warning uptime,level,tags
 #1: stderr all=off uptime,level,tags

Environment Variables:
JAVA_HOME=C:\Program Files\RedHat\java-11-openjdk-11.0.9-3
CLASSPATH=.;
PATH=C:\Program Files\RedHat\java-15-openjdk-15.0.1-1\bin;C:\Program Files\RedHat\java-11-openjdk-11.0.9-3\bin;C:\Program Files (x86)\Java\jdk1.8.0_201\bin;C:\Program Files\Java\jdk1.8.0_201\bin;C:\Program Files (x86)\Common Files\Oracle\Java\javapath;C:\Program Files (x86)\Embarcadero\Studio\20.0\bin;C:\Users\Public\Documents\Embarcadero\Studio\20.0\Bpl;C:\Program Files (x86)\Embarcadero\Studio\20.0\bin64;C:\Users\Public\Documents\Embarcadero\Studio\20.0\Bpl\Win64;C:\Python27\;C:\Python27\Scripts;E:\Applications\Embarcadero\Studio\19.0\bin;E:\Applications\Embarcadero\Studio\19.0\bin64;C:\Program Files (x86)\Embarcadero\Studio\19.0\bin;C:\Program Files (x86)\Embarcadero\Studio\19.0\bin64;D:\Applications\Embarcadero\Studio\19.0\bin;C:\Users\Public\Documents\Embarcadero\Studio\19.0\Bpl;D:\Applications\Embarcadero\Studio\19.0\bin64;C:\Users\Public\Documents\Embarcadero\Studio\19.0\Bpl\Win64;C:\oraclexe\app\oracle\product\11.2.0\server\bin;C:\WINDOWS\system32;C:\WINDOWS;C:\WINDOWS\System32\Wbem;C:\WINDOWS\System32\WindowsPowerShell\v1.0\;C:\PostgreSQL\pg95\bin;C:\Program Files (x86)\Windows Kits\8.1\Windows Performance Toolkit\;C:\Program Files\Git\cmd;C:\Program Files\PuTTY\;C:\instantclient-basic-nt-12.2.0.1.0\instantclient_12_2;C:\ProgramData\chocolatey\bin;C:\xampp\php;C:\WINDOWS\System32\OpenSSH\;C:\Program Files\nodejs\;C:\ProgramData\ComposerSetup\bin;C:\Program Files\dotnet\;C:\cygwin64\bin;C:\Program Files (x86)\GtkSharp\2.12\bin;C:\Program Files (x86)\Java\jdk1.8.0_201;C:\Users\Minami\AppData\Local\Microsoft\WindowsApps;C:\Users\Minami\AppData\Roaming\Composer\vendor\bin;C:\Users\Minami\AppData\Roaming\npm;C:\Users\Minami\AppData\Local\Microsoft\WindowsApps;C:\Users\Minami\AppData\Local\Programs\Microsoft VS Code\bin;C:\Users\Minami\.dotnet\tools;C:\cygwin64\bin;
USERNAME=Minami
OS=Windows_NT
PROCESSOR_IDENTIFIER=Intel64 Family 6 Model 61 Stepping 4, GenuineIntel



---------------  S Y S T E M  ---------------

OS: Windows 10 , 64 bit Build 18362 (10.0.18362.1110)
OS uptime: 0 days 16:38 hours
HyperV virtualization detected

CPU:total 4 (initial active 4) (2 cores per cpu, 2 threads per core) family 6 model 61 stepping 4, cmov, cx8, fxsr, mmx, sse, sse2, sse3, ssse3, sse4.1, sse4.2, popcnt, avx, avx2, aes, clmul, erms, 3dnowpref, lzcnt, ht, tsc, tscinvbit, bmi1, bmi2, adx, fma

Memory: 4k page, system-wide physical 7612M (279M free)
TotalPageFile size 21750M (AvailPageFile size 0M)
current process WorkingSet (physical memory assigned to process): 390M, peak: 423M
current process commit charge ("private bytes"): 475M, peak: 484M

vm_info: OpenJDK 64-Bit Server VM (11.0.9.1+1-LTS) for windows-amd64 JRE (11.0.9.1+1-LTS), built on Nov 10 2020 12:16:00 by "" with MS VC++ 15.9 (VS2017)

END.
