2023-08-01 04:06:00.414  INFO 7624 --- [restartedMain] com.df.dolphinpos.App                    : Starting App on mulyadis-MacBook-Air.local with PID 7624 (/Users/mulyadi/Documents/Netbeans project/DolphinPos/target/classes started by mulyadi in /Users/mulyadi/Documents/Netbeans project/DolphinPos)
2023-08-01 04:06:00.427  INFO 7624 --- [restartedMain] com.df.dolphinpos.App                    : No active profile set, falling back to default profiles: default
2023-08-01 04:06:00.533  INFO 7624 --- [restartedMain] o.s.b.devtools.restart.ChangeableUrls    : The Class-Path manifest attribute in /Users/mulyadi/.m2/repository/com/sun/xml/bind/jaxb-core/2.3.0.1/jaxb-core-2.3.0.1.jar referenced one or more files that do not exist: file:/Users/mulyadi/.m2/repository/com/sun/xml/bind/jaxb-core/2.3.0.1/jaxb-api.jar
2023-08-01 04:06:00.534  INFO 7624 --- [restartedMain] o.s.b.devtools.restart.ChangeableUrls    : The Class-Path manifest attribute in /Users/mulyadi/.m2/repository/com/sun/xml/bind/jaxb-impl/2.3.1/jaxb-impl-2.3.1.jar referenced one or more files that do not exist: file:/Users/mulyadi/.m2/repository/com/sun/xml/bind/jaxb-impl/2.3.1/jaxb-runtime-2.3.1.jar,file:/Users/mulyadi/.m2/repository/com/sun/xml/bind/jaxb-impl/2.3.1/txw2-2.3.1.jar,file:/Users/mulyadi/.m2/repository/com/sun/xml/bind/jaxb-impl/2.3.1/istack-commons-runtime-3.0.7.jar,file:/Users/mulyadi/.m2/repository/com/sun/xml/bind/jaxb-impl/2.3.1/stax-ex-1.8.jar,file:/Users/mulyadi/.m2/repository/com/sun/xml/bind/jaxb-impl/2.3.1/FastInfoset-1.2.15.jar,file:/Users/mulyadi/.m2/repository/com/sun/xml/bind/jaxb-impl/2.3.1/javax.activation-api-1.2.0.jar
2023-08-01 04:06:00.535  INFO 7624 --- [restartedMain] .e.DevToolsPropertyDefaultsPostProcessor : Devtools property defaults active! Set 'spring.devtools.add-properties' to 'false' to disable
2023-08-01 04:06:00.535  INFO 7624 --- [restartedMain] .e.DevToolsPropertyDefaultsPostProcessor : For additional web related logging consider setting the 'logging.level.web' property to 'DEBUG'
2023-08-01 04:06:02.449  INFO 7624 --- [restartedMain] .s.d.r.c.RepositoryConfigurationDelegate : Bootstrapping Spring Data JPA repositories in DEFAULT mode.
2023-08-01 04:06:02.672  INFO 7624 --- [restartedMain] .s.d.r.c.RepositoryConfigurationDelegate : Finished Spring Data repository scanning in 214ms. Found 27 JPA repository interfaces.
2023-08-01 04:06:03.253  INFO 7624 --- [restartedMain] trationDelegate$BeanPostProcessorChecker : Bean 'org.springframework.ws.config.annotation.DelegatingWsConfiguration' of type [org.springframework.ws.config.annotation.DelegatingWsConfiguration$$EnhancerBySpringCGLIB$$7aa3dd8a] is not eligible for getting processed by all BeanPostProcessors (for example: not eligible for auto-proxying)
2023-08-01 04:06:03.326  INFO 7624 --- [restartedMain] .w.s.a.s.AnnotationActionEndpointMapping : Supporting [WS-Addressing August 2004, WS-Addressing 1.0]
2023-08-01 04:06:04.044  INFO 7624 --- [restartedMain] o.s.b.w.embedded.tomcat.TomcatWebServer  : Tomcat initialized with port(s): 8087 (http)
2023-08-01 04:06:04.057  INFO 7624 --- [restartedMain] o.apache.catalina.core.StandardService   : Starting service [Tomcat]
2023-08-01 04:06:04.058  INFO 7624 --- [restartedMain] org.apache.catalina.core.StandardEngine  : Starting Servlet engine: [Apache Tomcat/9.0.46]
2023-08-01 04:06:04.190  INFO 7624 --- [restartedMain] o.a.c.c.C.[Tomcat].[localhost].[/]       : Initializing Spring embedded WebApplicationContext
2023-08-01 04:06:04.190  INFO 7624 --- [restartedMain] w.s.c.ServletWebServerApplicationContext : Root WebApplicationContext: initialization completed in 3653 ms
2023-08-01 04:06:04.774  INFO 7624 --- [restartedMain] o.hibernate.jpa.internal.util.LogHelper  : HHH000204: Processing PersistenceUnitInfo [name: default]
2023-08-01 04:06:04.813  INFO 7624 --- [restartedMain] org.hibernate.Version                    : HHH000412: Hibernate ORM core version 5.4.32.Final
2023-08-01 04:06:04.924  INFO 7624 --- [restartedMain] o.hibernate.annotations.common.Version   : HCANN000001: Hibernate Commons Annotations {5.1.2.Final}
2023-08-01 04:06:05.025  INFO 7624 --- [restartedMain] com.zaxxer.hikari.HikariDataSource       : HikariPool-1 - Starting...
2023-08-01 04:06:05.183  INFO 7624 --- [restartedMain] com.zaxxer.hikari.HikariDataSource       : HikariPool-1 - Start completed.
2023-08-01 04:06:05.213  INFO 7624 --- [restartedMain] org.hibernate.dialect.Dialect            : HHH000400: Using dialect: org.hibernate.dialect.PostgreSQL10Dialect
2023-08-01 04:06:07.646  INFO 7624 --- [restartedMain] o.h.e.t.j.p.i.JtaPlatformInitiator       : HHH000490: Using JtaPlatform implementation: [org.hibernate.engine.transaction.jta.platform.internal.NoJtaPlatform]
2023-08-01 04:06:07.657  INFO 7624 --- [restartedMain] j.LocalContainerEntityManagerFactoryBean : Initialized JPA EntityManagerFactory for persistence unit 'default'
2023-08-01 04:06:08.249  INFO 7624 --- [restartedMain] o.s.b.d.a.OptionalLiveReloadServer       : LiveReload server is running on port 35729
2023-08-01 04:06:08.312  WARN 7624 --- [restartedMain] JpaBaseConfiguration$JpaWebConfiguration : spring.jpa.open-in-view is enabled by default. Therefore, database queries may be performed during view rendering. Explicitly configure spring.jpa.open-in-view to disable this warning
2023-08-01 04:06:10.298  INFO 7624 --- [restartedMain] o.s.b.a.e.web.EndpointLinksResolver      : Exposing 2 endpoint(s) beneath base path '/actuator'
2023-08-01 04:06:10.317  INFO 7624 --- [restartedMain] o.s.s.web.DefaultSecurityFilterChain     : Creating filter chain: any request, [org.springframework.security.web.context.request.async.WebAsyncManagerIntegrationFilter@22cca69e, org.springframework.security.web.context.SecurityContextPersistenceFilter@510674d, org.springframework.security.web.header.HeaderWriterFilter@897f06b, org.springframework.web.filter.CorsFilter@2e3ee855, org.springframework.security.web.authentication.logout.LogoutFilter@2f2814d1, com.df.dolphinpos.config.security.RequestFilter@6e65743a, org.springframework.security.web.savedrequest.RequestCacheAwareFilter@63c17841, org.springframework.security.web.servletapi.SecurityContextHolderAwareRequestFilter@68ed4571, org.springframework.security.web.authentication.AnonymousAuthenticationFilter@536de92d, org.springframework.security.web.session.SessionManagementFilter@7cc58b5f, org.springframework.security.web.access.ExceptionTranslationFilter@3c86abc7, org.springframework.security.web.access.intercept.FilterSecurityInterceptor@799bbb31]
2023-08-01 04:06:10.428  INFO 7624 --- [restartedMain] o.s.s.concurrent.ThreadPoolTaskExecutor  : Initializing ExecutorService 'applicationTaskExecutor'
2023-08-01 04:06:10.513  WARN 7624 --- [restartedMain] ion$DefaultTemplateResolverConfiguration : Cannot find template location: classpath:/templates/ (please add some templates or check your Thymeleaf configuration)
2023-08-01 04:06:10.610  INFO 7624 --- [restartedMain] o.s.s.c.ThreadPoolTaskScheduler          : Initializing ExecutorService 'taskScheduler'
2023-08-01 04:06:10.709  INFO 7624 --- [restartedMain] o.s.b.w.embedded.tomcat.TomcatWebServer  : Tomcat started on port(s): 8087 (http) with context path ''
2023-08-01 04:06:10.740  INFO 7624 --- [restartedMain] com.df.dolphinpos.App                    : Started App in 10.967 seconds (JVM running for 11.858)
2023-08-01 04:06:21.905  INFO 7624 --- [SpringContextShutdownHook] o.s.s.c.ThreadPoolTaskScheduler          : Shutting down ExecutorService 'taskScheduler'
2023-08-01 04:06:21.908  INFO 7624 --- [SpringContextShutdownHook] o.s.s.concurrent.ThreadPoolTaskExecutor  : Shutting down ExecutorService 'applicationTaskExecutor'
2023-08-01 04:06:21.923  INFO 7624 --- [SpringContextShutdownHook] j.LocalContainerEntityManagerFactoryBean : Closing JPA EntityManagerFactory for persistence unit 'default'
